This file contains any messages produced by compilers while
running configure, to aid debugging if configure makes a mistake.

It was created by muparser configure 2.2.4, which was
generated by GNU Autoconf 2.69.  Invocation command line was

  $ ./configure --prefix=/home/Akhlore/bng_compl/bionetgen/bng2/Network3 --disable-shared

## --------- ##
## Platform. ##
## --------- ##

hostname = DESKTOP-140OHL9
uname -m = x86_64
uname -r = 2.11.1(0.329/5/3)
uname -s = CYGWIN_NT-10.0
uname -v = 2018-09-05 10:24

/usr/bin/uname -p = unknown
/bin/uname -X     = unknown

/bin/arch              = x86_64
/usr/bin/arch -k       = unknown
/usr/convex/getsysinfo = unknown
/usr/bin/hostinfo      = unknown
/bin/machine           = unknown
/usr/bin/oslevel       = unknown
/bin/universe          = unknown

PATH: /usr/local/bin
PATH: /usr/bin
PATH: /cygdrive/c/Program Files (x86)/Razer/ChromaBroadcast/bin
PATH: /cygdrive/c/Program Files/Razer/ChromaBroadcast/bin
PATH: /cygdrive/c/Program Files (x86)/Razer Chroma SDK/bin
PATH: /cygdrive/c/Program Files/Razer Chroma SDK/bin
PATH: /cygdrive/c/Program Files (x86)/Common Files/Oracle/Java/javapath
PATH: /cygdrive/c/Perl64/site/bin
PATH: /cygdrive/c/Perl64/bin
PATH: /cygdrive/c/ProgramData/Oracle/Java/javapath
PATH: /cygdrive/c/Program Files (x86)/Intel/iCLS Client
PATH: /cygdrive/c/Program Files/Intel/iCLS Client
PATH: /cygdrive/c/Windows/system32
PATH: /cygdrive/c/Windows
PATH: /cygdrive/c/Windows/System32/Wbem
PATH: /cygdrive/c/Windows/System32/WindowsPowerShell/v1.0
PATH: /cygdrive/c/Program Files (x86)/Intel/Intel(R) Management Engine Components/DAL
PATH: /cygdrive/c/Program Files/Intel/Intel(R) Management Engine Components/DAL
PATH: /cygdrive/c/Program Files (x86)/Intel/Intel(R) Management Engine Components/IPT
PATH: /cygdrive/c/Program Files/Intel/Intel(R) Management Engine Components/IPT
PATH: /cygdrive/c/Program Files/Intel/WiFi/bin
PATH: /cygdrive/c/Program Files/Common Files/Intel/WirelessCommon
PATH: /cygdrive/c/WINDOWS/system32
PATH: /cygdrive/c/WINDOWS
PATH: /cygdrive/c/WINDOWS/System32/Wbem
PATH: /cygdrive/c/WINDOWS/System32/WindowsPowerShell/v1.0
PATH: /cygdrive/c/WINDOWS/System32/OpenSSH
PATH: /cygdrive/c/Program Files/Git/cmd
PATH: /cygdrive/c/Program Files (x86)/NVIDIA Corporation/PhysX/Common
PATH: /cygdrive/c/Program Files (x86)/Windows Kits/10/Windows Performance Toolkit
PATH: /cygdrive/c/Program Files/NVIDIA Corporation/NVIDIA NvDLISR
PATH: /cygdrive/c/WINDOWS/system32/config/systemprofile/AppData/Local/Microsoft/WindowsApps
PATH: /cygdrive/c/Program Files/Java/jdk-12.0.1/bin
PATH: /cygdrive/c/Program Files/PuTTY
PATH: /cygdrive/c/Users/Akhlore/AppData/Local/Microsoft/WindowsApps
PATH: /cygdrive/c/Program Files/Docker Toolbox
PATH: /cygdrive/c/Perl64/bin
PATH: /cygdrive/c/Users/Akhlore/AppData/Local/atom/bin
PATH: /cygdrive/c/MinGW/bin
PATH: /cygdrive/c/ninja-win
PATH: /cygdrive/c/Users/Akhlore/Anaconda3
PATH: /cygdrive/c/Users/Akhlore/Anaconda3/Scripts
PATH: /cygdrive/c/MinGW/msys/1.0/bin
PATH: /usr/lib/lapack


## ----------- ##
## Core tests. ##
## ----------- ##

configure:1988: checking build system type
configure:2002: result: x86_64-unknown-cygwin
configure:2022: checking host system type
configure:2035: result: x86_64-unknown-cygwin
configure:2055: checking target system type
configure:2068: result: x86_64-unknown-cygwin
configure:2108: checking for gawk
configure:2124: found /usr/bin/gawk
configure:2135: result: gawk
configure:2160: checking for a BSD-compatible install
configure:2228: result: /usr/bin/install -c
configure:2239: checking whether ln -s works
configure:2243: result: yes
configure:2293: checking for ranlib
configure:2309: found /usr/bin/ranlib
configure:2320: result: ranlib
configure:2390: checking for gcc
configure:2406: found /usr/bin/gcc
configure:2417: result: gcc
configure:2646: checking for C compiler version
configure:2655: gcc --version >&5
gcc (GCC) 7.3.0
Copyright (C) 2017 Free Software Foundation, Inc.
This is free software; see the source for copying conditions.  There is NO
warranty; not even for MERCHANTABILITY or FITNESS FOR A PARTICULAR PURPOSE.

configure:2666: $? = 0
configure:2655: gcc -v >&5
Using built-in specs.
COLLECT_GCC=gcc
COLLECT_LTO_WRAPPER=/usr/lib/gcc/x86_64-pc-cygwin/7.3.0/lto-wrapper.exe
Target: x86_64-pc-cygwin
Configured with: /cygdrive/i/szsz/tmpp/gcc/gcc-7.3.0-3.x86_64/src/gcc-7.3.0/configure --srcdir=/cygdrive/i/szsz/tmpp/gcc/gcc-7.3.0-3.x86_64/src/gcc-7.3.0 --prefix=/usr --exec-prefix=/usr --localstatedir=/var --sysconfdir=/etc --docdir=/usr/share/doc/gcc --htmldir=/usr/share/doc/gcc/html -C --build=x86_64-pc-cygwin --host=x86_64-pc-cygwin --target=x86_64-pc-cygwin --without-libiconv-prefix --without-libintl-prefix --libexecdir=/usr/lib --enable-shared --enable-shared-libgcc --enable-static --enable-version-specific-runtime-libs --enable-bootstrap --enable-__cxa_atexit --with-dwarf2 --with-tune=generic --enable-languages=ada,c,c++,fortran,lto,objc,obj-c++ --enable-graphite --enable-threads=posix --enable-libatomic --enable-libcilkrts --enable-libgomp --enable-libitm --enable-libquadmath --enable-libquadmath-support --disable-libssp --enable-libada --disable-symvers --with-gnu-ld --with-gnu-as --with-cloog-include=/usr/include/cloog-isl --without-libiconv-prefix --without-libintl-prefix --with-system-zlib --enable-linker-build-id --with-default-libstdcxx-abi=gcc4-compatible --enable-libstdcxx-filesystem-ts
Thread model: posix
gcc version 7.3.0 (GCC) 
configure:2666: $? = 0
configure:2655: gcc -V >&5
gcc: error: unrecognized command line option '-V'
gcc: fatal error: no input files
compilation terminated.
configure:2666: $? = 1
configure:2655: gcc -qversion >&5
gcc: error: unrecognized command line option '-qversion'; did you mean '--version'?
gcc: fatal error: no input files
compilation terminated.
configure:2666: $? = 1
configure:2686: checking whether the C compiler works
configure:2708: gcc    conftest.c  >&5
configure:2712: $? = 0
configure:2760: result: yes
configure:2763: checking for C compiler default output file name
configure:2765: result: a.exe
configure:2771: checking for suffix of executables
configure:2778: gcc -o conftest.exe    conftest.c  >&5
configure:2782: $? = 0
configure:2804: result: .exe
configure:2826: checking whether we are cross compiling
configure:2834: gcc -o conftest.exe    conftest.c  >&5
configure:2838: $? = 0
configure:2845: ./conftest.exe
configure:2849: $? = 0
configure:2864: result: no
configure:2869: checking for suffix of object files
configure:2891: gcc -c   conftest.c >&5
configure:2895: $? = 0
configure:2916: result: o
configure:2920: checking whether we are using the GNU C compiler
configure:2939: gcc -c   conftest.c >&5
configure:2939: $? = 0
configure:2948: result: yes
configure:2957: checking whether gcc accepts -g
configure:2977: gcc -c -g  conftest.c >&5
configure:2977: $? = 0
configure:3018: result: yes
configure:3035: checking for gcc option to accept ISO C89
configure:3098: gcc  -c   conftest.c >&5
configure:3098: $? = 0
configure:3111: result: none needed
configure:3189: checking for g++
configure:3205: found /usr/bin/g++
configure:3216: result: g++
configure:3243: checking for C++ compiler version
configure:3252: g++ --version >&5
g++ (GCC) 7.3.0
Copyright (C) 2017 Free Software Foundation, Inc.
This is free software; see the source for copying conditions.  There is NO
warranty; not even for MERCHANTABILITY or FITNESS FOR A PARTICULAR PURPOSE.

configure:3263: $? = 0
configure:3252: g++ -v >&5
Using built-in specs.
COLLECT_GCC=g++
COLLECT_LTO_WRAPPER=/usr/lib/gcc/x86_64-pc-cygwin/7.3.0/lto-wrapper.exe
Target: x86_64-pc-cygwin
Configured with: /cygdrive/i/szsz/tmpp/gcc/gcc-7.3.0-3.x86_64/src/gcc-7.3.0/configure --srcdir=/cygdrive/i/szsz/tmpp/gcc/gcc-7.3.0-3.x86_64/src/gcc-7.3.0 --prefix=/usr --exec-prefix=/usr --localstatedir=/var --sysconfdir=/etc --docdir=/usr/share/doc/gcc --htmldir=/usr/share/doc/gcc/html -C --build=x86_64-pc-cygwin --host=x86_64-pc-cygwin --target=x86_64-pc-cygwin --without-libiconv-prefix --without-libintl-prefix --libexecdir=/usr/lib --enable-shared --enable-shared-libgcc --enable-static --enable-version-specific-runtime-libs --enable-bootstrap --enable-__cxa_atexit --with-dwarf2 --with-tune=generic --enable-languages=ada,c,c++,fortran,lto,objc,obj-c++ --enable-graphite --enable-threads=posix --enable-libatomic --enable-libcilkrts --enable-libgomp --enable-libitm --enable-libquadmath --enable-libquadmath-support --disable-libssp --enable-libada --disable-symvers --with-gnu-ld --with-gnu-as --with-cloog-include=/usr/include/cloog-isl --without-libiconv-prefix --without-libintl-prefix --with-system-zlib --enable-linker-build-id --with-default-libstdcxx-abi=gcc4-compatible --enable-libstdcxx-filesystem-ts
Thread model: posix
gcc version 7.3.0 (GCC) 
configure:3263: $? = 0
configure:3252: g++ -V >&5
g++: error: unrecognized command line option '-V'
g++: fatal error: no input files
compilation terminated.
configure:3263: $? = 1
configure:3252: g++ -qversion >&5
g++: error: unrecognized command line option '-qversion'; did you mean '--version'?
g++: fatal error: no input files
compilation terminated.
configure:3263: $? = 1
configure:3267: checking whether we are using the GNU C++ compiler
configure:3286: g++ -c   conftest.cpp >&5
configure:3286: $? = 0
configure:3295: result: yes
configure:3304: checking whether g++ accepts -g
configure:3324: g++ -c -g  conftest.cpp >&5
configure:3324: $? = 0
configure:3365: result: yes
configure:3393: checking how to run the C++ preprocessor
configure:3420: g++ -E  conftest.cpp
configure:3420: $? = 0
configure:3434: g++ -E  conftest.cpp
conftest.cpp:9:10: fatal error: ac_nonexistent.h: No such file or directory
 #include <ac_nonexistent.h>
          ^~~~~~~~~~~~~~~~~~
compilation terminated.
configure:3434: $? = 1
configure: failed program was:
| /* confdefs.h */
| #define PACKAGE_NAME "muparser"
| #define PACKAGE_TARNAME "muparser"
| #define PACKAGE_VERSION "2.2.4"
| #define PACKAGE_STRING "muparser 2.2.4"
| #define PACKAGE_BUGREPORT "muparser@beltoforion.de"
| #define PACKAGE_URL ""
| /* end confdefs.h.  */
| #include <ac_nonexistent.h>
configure:3459: result: g++ -E
configure:3479: g++ -E  conftest.cpp
configure:3479: $? = 0
configure:3493: g++ -E  conftest.cpp
conftest.cpp:9:10: fatal error: ac_nonexistent.h: No such file or directory
 #include <ac_nonexistent.h>
          ^~~~~~~~~~~~~~~~~~
compilation terminated.
configure:3493: $? = 1
configure: failed program was:
| /* confdefs.h */
| #define PACKAGE_NAME "muparser"
| #define PACKAGE_TARNAME "muparser"
| #define PACKAGE_VERSION "2.2.4"
| #define PACKAGE_STRING "muparser 2.2.4"
| #define PACKAGE_BUGREPORT "muparser@beltoforion.de"
| #define PACKAGE_URL ""
| /* end confdefs.h.  */
| #include <ac_nonexistent.h>
configure:3538: checking for the --enable-debug option
configure:3545: result: no
configure:3580: checking for the --enable-shared option
configure:3587: result: no
configure:3602: checking for the --enable-samples option
configure:3605: result: yes
configure:3631: checking whether we are using the Intel C compiler
configure:3651: gcc -c  -O2   conftest.c >&5
conftest.c: In function 'main':
conftest.c:15:17: error: unknown type name 'choke'
                 choke me
                 ^~~~~
configure:3651: $? = 1
configure: failed program was:
| /* confdefs.h */
| #define PACKAGE_NAME "muparser"
| #define PACKAGE_TARNAME "muparser"
| #define PACKAGE_VERSION "2.2.4"
| #define PACKAGE_STRING "muparser 2.2.4"
| #define PACKAGE_BUGREPORT "muparser@beltoforion.de"
| #define PACKAGE_URL ""
| /* end confdefs.h.  */
| 
| int
| main ()
| {
| 
|              #ifndef __INTEL_COMPILER
|                 choke me
|              #endif
| 
|   ;
|   return 0;
| }
configure:3661: result: no
configure:4391: checking whether we are using the Intel C++ compiler
configure:4411: g++ -c  -O2   conftest.cpp >&5
conftest.cpp: In function 'int main()':
conftest.cpp:15:17: error: 'choke' was not declared in this scope
                 choke me
                 ^~~~~
configure:4411: $? = 1
configure: failed program was:
| /* confdefs.h */
| #define PACKAGE_NAME "muparser"
| #define PACKAGE_TARNAME "muparser"
| #define PACKAGE_VERSION "2.2.4"
| #define PACKAGE_STRING "muparser 2.2.4"
| #define PACKAGE_BUGREPORT "muparser@beltoforion.de"
| #define PACKAGE_URL ""
| /* end confdefs.h.  */
| 
| int
| main ()
| {
| 
|              #ifndef __INTEL_COMPILER
|                 choke me
|              #endif
| 
|   ;
|   return 0;
| }
configure:4421: result: no
configure:5197: checking for ranlib
configure:5224: result: ranlib
configure:5247: checking whether ln -s works
configure:5251: result: yes
configure:5259: checking whether make sets $(MAKE)
configure:5281: result: yes
configure:5344: checking for ar
configure:5360: found /usr/bin/ar
configure:5371: result: ar
configure:5440: checking for strip
configure:5456: found /usr/bin/strip
configure:5467: result: strip
configure:5532: checking for nm
configure:5548: found /usr/bin/nm
configure:5559: result: nm
configure:5582: checking for command to install directories
configure:5589: result: /usr/bin/install -c -d
configure:5607: checking if make is GNU make
configure:5621: result: yes
configure:6663: checking for dependency tracking method
configure:6684: result: gcc
configure:6899: checking for windres
configure:6915: found /usr/bin/windres
configure:6926: result: windres
configure:7310: creating ./config.status

## ---------------------- ##
## Running config.status. ##
## ---------------------- ##

This file was extended by muparser config.status 2.2.4, which was
generated by GNU Autoconf 2.69.  Invocation command line was

  CONFIG_FILES    = 
  CONFIG_HEADERS  = 
  CONFIG_LINKS    = 
  CONFIG_COMMANDS = 
  $ ./config.status 

on DESKTOP-140OHL9

config.status:810: creating Makefile
config.status:810: creating build/autoconf/muparser.pc

## ---------------- ##
## Cache variables. ##
## ---------------- ##

ac_cv_build=x86_64-unknown-cygwin
ac_cv_c_compiler_gnu=yes
ac_cv_cxx_compiler_gnu=yes
ac_cv_env_CCC_set=
ac_cv_env_CCC_value=
ac_cv_env_CC_set=
ac_cv_env_CC_value=
ac_cv_env_CFLAGS_set=
ac_cv_env_CFLAGS_value=
ac_cv_env_CPPFLAGS_set=
ac_cv_env_CPPFLAGS_value=
ac_cv_env_CXXCPP_set=
ac_cv_env_CXXCPP_value=
ac_cv_env_CXXFLAGS_set=
ac_cv_env_CXXFLAGS_value=
ac_cv_env_CXX_set=
ac_cv_env_CXX_value=
ac_cv_env_LDFLAGS_set=
ac_cv_env_LDFLAGS_value=
ac_cv_env_LIBS_set=
ac_cv_env_LIBS_value=
ac_cv_env_build_alias_set=
ac_cv_env_build_alias_value=
ac_cv_env_host_alias_set=
ac_cv_env_host_alias_value=
ac_cv_env_target_alias_set=
ac_cv_env_target_alias_value=
ac_cv_exeext=.exe
ac_cv_host=x86_64-unknown-cygwin
ac_cv_objext=o
ac_cv_path_install='/usr/bin/install -c'
ac_cv_prog_AWK=gawk
ac_cv_prog_CXXCPP='g++ -E'
ac_cv_prog_ac_ct_AR=ar
ac_cv_prog_ac_ct_CC=gcc
ac_cv_prog_ac_ct_CXX=g++
ac_cv_prog_ac_ct_NM=nm
ac_cv_prog_ac_ct_RANLIB=ranlib
ac_cv_prog_ac_ct_STRIP=strip
ac_cv_prog_ac_ct_WINDRES=windres
ac_cv_prog_cc_c89=
ac_cv_prog_cc_g=yes
ac_cv_prog_cxx_g=yes
ac_cv_prog_make_make_set=yes
ac_cv_target=x86_64-unknown-cygwin
bakefile_cv_c_compiler___INTEL_COMPILER=no
bakefile_cv_cxx_compiler___INTEL_COMPILER=no
bakefile_cv_prog_makeisgnu=yes

## ----------------- ##
## Output variables. ##
## ----------------- ##

AIX_CXX_LD=''
AR='ar'
AROPTIONS='rcu'
AWK='gawk'
BK_DEPS='/home/Akhlore/bng_compl/bionetgen/bng2/Network3/muparser_v2_2_4/bk-deps'
CC='gcc'
CFLAGS=' -O2 '
COND_DEBUG_0=''
COND_DEBUG_1='#'
COND_DEPS_TRACKING_0='#'
COND_DEPS_TRACKING_1=''
COND_PLATFORM_MACOSX_0_USE_SOVERCYGWIN_0_USE_SOVERSION_1='#'
COND_PLATFORM_MACOSX_0_USE_SOVERSION_1=''
COND_PLATFORM_MACOSX_1='#'
COND_PLATFORM_MACOSX_1_USE_SOVERSION_1='#'
COND_PLATFORM_MAC_0=''
COND_PLATFORM_MAC_1='#'
COND_PLATFORM_OS2_1='#'
COND_SAMPLES_1=''
COND_SHARED_0=''
COND_SHARED_1='#'
COND_USE_SOTWOSYMLINKS_1='#'
COND_USE_SOVERCYGWIN_1_USE_SOVERSION_1=''
COND_USE_SOVERLINUX_1='#'
COND_USE_SOVERSION_0='#'
COND_USE_SOVERSION_1_USE_SOVERSOLARIS_1='#'
COND_USE_SOVERSOLARIS_1='#'
COND_WINDOWS_IMPLIB_1=''
CPPFLAGS=''
CXX='g++'
CXXCPP='g++ -E'
CXXFLAGS=' -O2 '
DEFS='-DPACKAGE_NAME=\"muparser\" -DPACKAGE_TARNAME=\"muparser\" -DPACKAGE_VERSION=\"2.2.4\" -DPACKAGE_STRING=\"muparser\ 2.2.4\" -DPACKAGE_BUGREPORT=\"muparser@beltoforion.de\" -DPACKAGE_URL=\"\"'
DEPS_TRACKING='1'
DLLIMP_SUFFIX='dll.a'
DLLPREFIX='cyg'
DLLPREFIX_MODULE=''
ECHO_C=''
ECHO_N='-n'
ECHO_T=''
EXEEXT='.exe'
IF_GNU_MAKE=''
INSTALL_DATA='${INSTALL} -m 644'
INSTALL_DIR='$(INSTALL) -d'
INSTALL_PROGRAM='${INSTALL}'
INSTALL_SCRIPT='${INSTALL}'
LDFLAGS=''
LDFLAGS_GUI='-mwindows'
LIBEXT='.a'
LIBOBJS=''
LIBPREFIX='lib'
LIBS=''
LN_S='ln -s'
LTLIBOBJS=''
MAKE_SET=''
NM='nm'
OBJCXXFLAGS=''
OBJEXT='o'
PACKAGE_BUGREPORT='muparser@beltoforion.de'
PACKAGE_NAME='muparser'
PACKAGE_STRING='muparser 2.2.4'
PACKAGE_TARNAME='muparser'
PACKAGE_URL=''
PACKAGE_VERSION='2.2.4'
PATH_SEPARATOR=':'
PIC_FLAG=''
PLATFORM_BEOS='0'
PLATFORM_MAC='0'
PLATFORM_MACOS='0'
PLATFORM_MACOSX='0'
PLATFORM_MSDOS='0'
PLATFORM_OS2='0'
PLATFORM_UNIX='1'
PLATFORM_WIN32='0'
RANLIB='ranlib'
REZ=''
SETFILE=''
SET_MAKE=''
SHARED_LD_CC='$(CC) -shared -o'
SHARED_LD_CXX='$(CXX) -shared -o'
SHARED_LD_MODULE_CC='$(CC) -shared -o'
SHARED_LD_MODULE_CXX='$(CXX) -shared -o'
SHELL='/bin/sh'
SONAME_FLAG=''
SO_SUFFIX='dll'
SO_SUFFIX_MODULE='dll'
STRIP='strip'
USE_MACVERSION='0'
USE_SOTWOSYMLINKS='0'
USE_SOVERCYGWIN='1'
USE_SOVERLINUX='0'
USE_SOVERSION='1'
USE_SOVERSOLARIS='0'
WINDOWS_IMPLIB='1'
WINDRES='windres'
ac_ct_CC='gcc'
ac_ct_CXX='g++'
bindir='${exec_prefix}/bin'
build='x86_64-unknown-cygwin'
build_alias=''
build_cpu='x86_64'
build_os='cygwin'
build_vendor='unknown'
datadir='${datarootdir}'
datarootdir='${prefix}/share'
dlldir='${exec_prefix}/bin'
docdir='${datarootdir}/doc/${PACKAGE_TARNAME}'
dvidir='${docdir}'
exec_prefix='${prefix}'
host='x86_64-unknown-cygwin'
host_alias=''
host_cpu='x86_64'
host_os='cygwin'
host_vendor='unknown'
htmldir='${docdir}'
includedir='${prefix}/include'
infodir='${datarootdir}/info'
libdir='${exec_prefix}/lib'
libexecdir='${exec_prefix}/libexec'
localedir='${datarootdir}/locale'
localstatedir='${prefix}/var'
mandir='${datarootdir}/man'
oldincludedir='/usr/include'
pdfdir='${docdir}'
prefix='/home/Akhlore/bng_compl/bionetgen/bng2/Network3'
program_transform_name='s,x,x,'
psdir='${docdir}'
sbindir='${exec_prefix}/sbin'
sharedstatedir='${prefix}/com'
sysconfdir='${prefix}/etc'
target='x86_64-unknown-cygwin'
target_alias=''
target_cpu='x86_64'
target_os='cygwin'
target_vendor='unknown'

## ----------- ##
## confdefs.h. ##
## ----------- ##

/* confdefs.h */
#define PACKAGE_NAME "muparser"
#define PACKAGE_TARNAME "muparser"
#define PACKAGE_VERSION "2.2.4"
#define PACKAGE_STRING "muparser 2.2.4"
#define PACKAGE_BUGREPORT "muparser@beltoforion.de"
#define PACKAGE_URL ""

configure: exit 0
